C:\driver_projects\HelloDriver\HelloDriver.vcxproj(113,5): warning MSB4011: "C:\Program Files (x86)\Microsoft Visual Studio\2019\Community\MSBuild\Microsoft\VC\v160\BuildCustomizations\masm.props" cannot be imported again. It was already imported at "C:\Program Files (x86)\Windows Kits\10\build\WindowsDriver.Shared.props (330,3)". This is most likely a build authoring error. This subsequent import will be ignored. 
C:\driver_projects\HelloDriver\HelloDriver.vcxproj(168,5): warning MSB4011: "C:\Program Files (x86)\Microsoft Visual Studio\2019\Community\MSBuild\Microsoft\VC\v160\BuildCustomizations\masm.targets" cannot be imported again. It was already imported at "C:\Program Files (x86)\Windows Kits\10\build\WindowsDriver.common.targets (1797,3)". This is most likely a build authoring error. This subsequent import will be ignored. 
C:\Program Files (x86)\Windows Kits\10\build\WindowsDriver.common.targets(1597,5): warning MSB3231: Unable to remove directory "x64\Release\HelloDriver\". The process cannot access the file 'C:\driver_projects\HelloDriver\x64\Release\HelloDriver\' because it is being used by another process.
C:\Program Files (x86)\Windows Kits\10\build\WindowsDriver.common.targets(1597,5): warning MSB4181: The "RemoveDir" task returned false but did not log an error.
  Building 'HelloDriver' with toolset 'WindowsKernelModeDriver10.0' and the 'Universal' target platform.
  Stamping x64\Release\HelloDriver.inf
  Stamping [Version] section with DriverVer=08/11/2022,10.46.59.236
  Assembling test.asm...
  Driver.c
  HelloDriver.vcxproj -> C:\driver_projects\HelloDriver\x64\Release\HelloDriver.sys
C:\driver_projects\HelloDriver\HelloDriver.vcxproj(113,5): warning MSB4011: "C:\Program Files (x86)\Microsoft Visual Studio\2019\Community\MSBuild\Microsoft\VC\v160\BuildCustomizations\masm.props" cannot be imported again. It was already imported at "C:\Program Files (x86)\Windows Kits\10\build\WindowsDriver.Shared.props (330,3)". This is most likely a build authoring error. This subsequent import will be ignored. 
C:\driver_projects\HelloDriver\HelloDriver.vcxproj(168,5): warning MSB4011: "C:\Program Files (x86)\Microsoft Visual Studio\2019\Community\MSBuild\Microsoft\VC\v160\BuildCustomizations\masm.targets" cannot be imported again. It was already imported at "C:\Program Files (x86)\Windows Kits\10\build\WindowsDriver.common.targets (1797,3)". This is most likely a build authoring error. This subsequent import will be ignored. 
  Done Adding Additional Store
  Successfully signed: C:\driver_projects\HelloDriver\x64\Release\HelloDriver.sys
  
  Driver is a Universal Driver.
  ........................
  Signability test complete.
  
  Errors:
  None
  
  Warnings:
  None
  
  Catalog generation complete.
  C:\driver_projects\HelloDriver\x64\Release\HelloDriver\hellodriver.cat
C:\driver_projects\HelloDriver\HelloDriver.vcxproj(113,5): warning MSB4011: "C:\Program Files (x86)\Microsoft Visual Studio\2019\Community\MSBuild\Microsoft\VC\v160\BuildCustomizations\masm.props" cannot be imported again. It was already imported at "C:\Program Files (x86)\Windows Kits\10\build\WindowsDriver.Shared.props (330,3)". This is most likely a build authoring error. This subsequent import will be ignored. 
C:\driver_projects\HelloDriver\HelloDriver.vcxproj(168,5): warning MSB4011: "C:\Program Files (x86)\Microsoft Visual Studio\2019\Community\MSBuild\Microsoft\VC\v160\BuildCustomizations\masm.targets" cannot be imported again. It was already imported at "C:\Program Files (x86)\Windows Kits\10\build\WindowsDriver.common.targets (1797,3)". This is most likely a build authoring error. This subsequent import will be ignored. 
  Done Adding Additional Store
  Successfully signed: C:\driver_projects\HelloDriver\x64\Release\HelloDriver\hellodriver.cat
  
