c:\driver_projects\hellodriver\x64\release\vc142.pdb
c:\driver_projects\hellodriver\x64\release\driver.obj
c:\driver_projects\hellodriver\x64\release\hellodriver\hellodriver.cat
c:\driver_projects\hellodriver\x64\release\hellodriver.sys
c:\driver_projects\hellodriver\x64\release\hellodriver.pdb
c:\driver_projects\hellodriver\x64\release\test.obj
c:\driver_projects\hellodriver\x64\release\hellodriver.inf
c:\driver_projects\hellodriver\x64\release\hellodriver.cer
c:\driver_projects\hellodriver\x64\release\hellodriver.tlog\cl.command.1.tlog
c:\driver_projects\hellodriver\x64\release\hellodriver.tlog\cl.read.1.tlog
c:\driver_projects\hellodriver\x64\release\hellodriver.tlog\cl.write.1.tlog
c:\driver_projects\hellodriver\x64\release\hellodriver.tlog\inf2cat-expand.9268.read.1.tlog
c:\driver_projects\hellodriver\x64\release\hellodriver.tlog\inf2cat-expand.9268.write.1.tlog
c:\driver_projects\hellodriver\x64\release\hellodriver.tlog\inf2cat-expand.read.1.tlog
c:\driver_projects\hellodriver\x64\release\hellodriver.tlog\inf2cat-expand.write.1.tlog
c:\driver_projects\hellodriver\x64\release\hellodriver.tlog\inf2cat.command.1.tlog
c:\driver_projects\hellodriver\x64\release\hellodriver.tlog\inf2cat.read.1.tlog
c:\driver_projects\hellodriver\x64\release\hellodriver.tlog\inf2cat.write.1.tlog
c:\driver_projects\hellodriver\x64\release\hellodriver.tlog\link.command.1.tlog
c:\driver_projects\hellodriver\x64\release\hellodriver.tlog\link.read.1.tlog
c:\driver_projects\hellodriver\x64\release\hellodriver.tlog\link.write.1.tlog
c:\driver_projects\hellodriver\x64\release\hellodriver.tlog\masm.read.1u.tlog
c:\driver_projects\hellodriver\x64\release\hellodriver.tlog\masm.write.1u.tlog
c:\driver_projects\hellodriver\x64\release\hellodriver.tlog\signtool.command.1.tlog
c:\driver_projects\hellodriver\x64\release\hellodriver.tlog\signtool.read.1.tlog
c:\driver_projects\hellodriver\x64\release\hellodriver.tlog\signtool.timestamp.1.tlog
c:\driver_projects\hellodriver\x64\release\hellodriver.tlog\signtool.write.1.tlog
c:\driver_projects\hellodriver\x64\release\hellodriver.tlog\stampinf.command.1.tlog
c:\driver_projects\hellodriver\x64\release\hellodriver.tlog\stampinf.read.1.tlog
c:\driver_projects\hellodriver\x64\release\hellodriver.tlog\stampinf.write.1.tlog
