c:\driver_projects\hellodriver\x64\debug\vc142.pdb
c:\driver_projects\hellodriver\x64\debug\driver.obj
c:\driver_projects\hellodriver\x64\debug\hellodriver\hellodriver.cat
c:\driver_projects\hellodriver\x64\debug\hellodriver.sys
c:\driver_projects\hellodriver\x64\debug\hellodriver.pdb
c:\driver_projects\hellodriver\x64\debug\hellodriver.inf
c:\driver_projects\hellodriver\x64\debug\hellodriver.cer
c:\driver_projects\hellodriver\x64\debug\hellodriver.tlog\cl.command.1.tlog
c:\driver_projects\hellodriver\x64\debug\hellodriver.tlog\cl.read.1.tlog
c:\driver_projects\hellodriver\x64\debug\hellodriver.tlog\cl.write.1.tlog
c:\driver_projects\hellodriver\x64\debug\hellodriver.tlog\inf2cat-expand.59648.read.1.tlog
c:\driver_projects\hellodriver\x64\debug\hellodriver.tlog\inf2cat-expand.59648.write.1.tlog
c:\driver_projects\hellodriver\x64\debug\hellodriver.tlog\inf2cat-expand.read.1.tlog
c:\driver_projects\hellodriver\x64\debug\hellodriver.tlog\inf2cat-expand.write.1.tlog
c:\driver_projects\hellodriver\x64\debug\hellodriver.tlog\inf2cat.command.1.tlog
c:\driver_projects\hellodriver\x64\debug\hellodriver.tlog\inf2cat.read.1.tlog
c:\driver_projects\hellodriver\x64\debug\hellodriver.tlog\inf2cat.write.1.tlog
c:\driver_projects\hellodriver\x64\debug\hellodriver.tlog\link.command.1.tlog
c:\driver_projects\hellodriver\x64\debug\hellodriver.tlog\link.read.1.tlog
c:\driver_projects\hellodriver\x64\debug\hellodriver.tlog\link.write.1.tlog
c:\driver_projects\hellodriver\x64\debug\hellodriver.tlog\signtool.command.1.tlog
c:\driver_projects\hellodriver\x64\debug\hellodriver.tlog\signtool.read.1.tlog
c:\driver_projects\hellodriver\x64\debug\hellodriver.tlog\signtool.timestamp.1.tlog
c:\driver_projects\hellodriver\x64\debug\hellodriver.tlog\signtool.write.1.tlog
c:\driver_projects\hellodriver\x64\debug\hellodriver.tlog\stampinf.command.1.tlog
c:\driver_projects\hellodriver\x64\debug\hellodriver.tlog\stampinf.read.1.tlog
c:\driver_projects\hellodriver\x64\debug\hellodriver.tlog\stampinf.write.1.tlog
